2015-02-23T01:17:34.595000	Logging begins
2015-02-23T01:17:53.361000	User interrupted
2015-02-23T01:17:53.361000	Logging terminated
2015-02-23T01:26:51.525000	Logging begins
2015-02-23T01:27:20.257000	Logging begins
2015-02-23T01:27:30.928000	User interrupted
2015-02-23T01:27:30.928000	Logging terminated
2015-02-23T01:27:45.070000	Logging begins
2015-02-23T01:27:49.391000	User interrupted
2015-02-23T01:27:49.391000	Logging terminated
2015-02-23T03:58:46.970000	Logging begins
2015-02-23T03:59:00.921000	User interrupted
2015-02-23T03:59:00.921000	Logging terminated
2015-02-23T03:59:06.202000	Logging begins
2015-02-23T03:59:08.132000	User interrupted
2015-02-23T03:59:08.132000	Logging terminated
2015-02-23T03:59:53.557000	Logging begins
2015-02-23T03:59:54.767000	User interrupted
2015-02-23T03:59:54.767000	Logging terminated
2015-02-23T04:00:15.601000	Logging begins
2015-02-23T04:01:33.342000	Logging begins
2015-02-23T04:01:35.152000	User interrupted
2015-02-23T04:01:35.152000	Logging terminated
2015-02-23T04:02:10.656000	Logging begins
2015-02-23T04:02:13.296000	User interrupted
2015-02-23T04:02:13.296000	Logging terminated
2015-02-23T04:02:53.783000	Logging begins
2015-02-23T04:02:56.183000	User interrupted
2015-02-23T04:02:56.183000	Logging terminated
2015-02-23T04:03:32.569000	Logging begins
2015-02-23T04:03:34.739000	User interrupted
2015-02-23T04:03:34.739000	Logging terminated
2015-02-23T04:05:13.352000	Logging begins
2015-02-23T04:05:15.303000	User interrupted
2015-02-23T04:05:15.303000	Logging terminated
2015-02-23T04:05:39.665000	Logging begins
2015-02-23T04:05:44.116000	User interrupted
2015-02-23T04:05:44.116000	Logging terminated
2015-02-23T04:06:42.984000	Logging begins
2015-02-23T04:06:45.474000	User interrupted
2015-02-23T04:06:45.474000	Logging terminated
2015-02-23T04:08:55.826000	Logging begins
2015-02-23T04:08:57.326000	User interrupted
2015-02-23T04:08:57.326000	Logging terminated
2015-02-23T04:21:11.387000	Logging begins
2015-02-23T04:21:25.488000	User interrupted
2015-02-23T04:21:25.488000	Logging terminated
2015-02-23T04:26:09.642000	Logging begins
2015-02-23T04:26:27.726000	User interrupted
2015-02-23T04:26:27.726000	Logging terminated
2015-02-23T04:32:54.274000	Logging begins
2015-02-23T04:32:55.835000	User interrupted
2015-02-23T04:32:55.835000	Logging terminated
2015-02-23T04:33:32.419000	Logging begins
2015-02-23T04:33:33.589000	User interrupted
2015-02-23T04:33:33.589000	Logging terminated
2015-02-23T05:50:31.295000	Logging begins
2015-02-23T05:50:33.942000	User interrupted
2015-02-23T05:50:33.942000	Logging terminated
2015-02-23T05:51:45.721000	Logging begins
2015-02-23T05:51:47.562000	User interrupted
2015-02-23T05:51:47.562000	Logging terminated
2015-02-23T05:52:03.893000	Logging begins
2015-02-23T05:52:05.054000	User interrupted
2015-02-23T05:52:05.054000	Logging terminated
2015-02-23T05:52:25.488000	Logging begins
2015-02-23T05:52:27.708000	User interrupted
2015-02-23T05:52:27.708000	Logging terminated
2015-02-23T05:52:43.140000	Logging begins
2015-02-23T05:52:45.440000	User interrupted
2015-02-23T05:52:45.440000	Logging terminated
2015-02-23T05:54:32.224000	Logging begins
2015-02-23T05:54:33.406000	User interrupted
2015-02-23T05:54:33.406000	Logging terminated
2015-02-23T06:01:51.121000	Logging begins
2015-02-23T06:01:52.669000	User interrupted
2015-02-23T06:01:52.669000	Logging terminated
2015-02-23T06:05:21.435000	Logging begins
2015-02-23T06:05:24.135000	User interrupted
2015-02-23T06:05:24.135000	Logging terminated
2015-02-23T06:07:03.291000	Logging begins
2015-02-23T06:07:05.432000	User interrupted
2015-02-23T06:07:05.432000	Logging terminated
2015-02-23T06:10:38.707000	Logging begins
2015-02-23T06:10:40.598000	User interrupted
2015-02-23T06:10:40.598000	Logging terminated
2015-02-23T06:11:00.359000	Logging begins
2015-02-23T06:11:02.080000	User interrupted
2015-02-23T06:11:02.080000	Logging terminated
2015-02-23T06:11:27.042000	Logging begins
2015-02-23T06:11:28.852000	User interrupted
2015-02-23T06:11:28.852000	Logging terminated
2015-02-23T06:14:43.435000	Logging begins
2015-02-23T06:14:45.895000	User interrupted
2015-02-23T06:14:45.895000	Logging terminated
2015-02-23T06:16:11.035000	Logging begins
2015-02-23T06:16:15.496000	User interrupted
2015-02-23T06:16:15.496000	Logging terminated
2015-02-23T06:19:45.681000	Logging begins
2015-02-23T06:19:48.532000	User interrupted
2015-02-23T06:19:48.532000	Logging terminated
2015-02-23T06:21:25.483000	Logging begins
2015-02-23T06:21:32.428000	User interrupted
2015-02-23T06:21:32.428000	Logging terminated
2015-02-23T06:25:07.612000	Logging begins
2015-02-23T06:25:11.094000	User interrupted
2015-02-23T06:25:11.094000	Logging terminated
2015-02-23T06:26:43.035000	Logging begins
2015-02-23T06:26:45.117000	User interrupted
2015-02-23T06:26:45.117000	Logging terminated
2015-02-23T06:27:36.753000	Logging begins
2015-02-23T06:27:39.474000	User interrupted
2015-02-23T06:27:39.474000	Logging terminated
2015-02-23T06:29:30.675000	Logging begins
2015-02-23T06:29:33.975000	User interrupted
2015-02-23T06:29:33.975000	Logging terminated
2015-02-23T06:34:48.978000	Logging begins
2015-02-23T06:35:00.420000	User interrupted
2015-02-23T06:35:00.420000	Logging terminated
2015-02-23T06:39:07.607000	Logging begins
2015-02-23T06:39:09.888000	User interrupted
2015-02-23T06:39:09.888000	Logging terminated
2015-02-23T06:39:37.511000	Logging begins
2015-02-23T06:39:39.631000	User interrupted
2015-02-23T06:39:39.631000	Logging terminated
2015-02-23T06:40:25.266000	Logging begins
2015-02-23T06:40:28.587000	User interrupted
2015-02-23T06:40:28.587000	Logging terminated
2015-02-23T06:44:00.342000	Logging begins
2015-02-23T06:44:06.643000	User interrupted
2015-02-23T06:44:06.643000	Logging terminated
2015-02-23T06:44:35.337000	Logging begins
2015-02-23T06:44:46.747000	User interrupted
2015-02-23T06:44:46.747000	Logging terminated
2015-02-23T06:44:51.128000	Logging begins
2015-02-23T06:44:54.839000	User interrupted
2015-02-23T06:44:54.839000	Logging terminated
2015-02-23T06:45:00.210000	Logging begins
2015-02-23T06:45:08.782000	User interrupted
2015-02-23T06:45:08.782000	Logging terminated
2015-02-23T06:46:53.027000	Logging begins
2015-02-23T06:47:11.279000	Logging begins
2015-02-23T07:03:05.809000	User interrupted
2015-02-23T07:03:05.809000	Logging terminated
2015-02-23T07:03:14.046000	Logging begins
2015-02-23T07:03:33.016000	Logging begins
2015-02-23T07:03:43.515000	User interrupted
2015-02-23T07:03:43.515000	Logging terminated
2015-02-23T07:04:07.929000	Logging begins
2015-02-23T07:06:23.307000	User interrupted
2015-02-23T07:06:23.307000	Logging terminated
2015-02-23T07:06:25.179000	Logging begins
2015-02-23T07:32:26.674000	User interrupted
2015-02-23T07:32:26.674000	Logging terminated
2015-02-23T08:15:52.521000	Logging begins
2015-02-24T07:52:39.088805	Logging begins
2015-02-24T08:11:05.519322	User interrupted
2015-02-24T08:11:05.519587	Logging terminated
2015-02-24T08:11:08.077087	Logging begins
2015-02-24T19:29:44.721381	Logging begins
2015-02-24T20:43:38.856137	User interrupted
2015-02-24T20:43:38.856667	Logging terminated
2015-02-24T20:43:41.975091	Logging begins
2015-02-24T21:26:32.812501	Logging begins
2015-02-24T21:26:46.607357	User interrupted
2015-02-24T21:26:46.608079	Logging terminated
2015-02-24T21:26:50.108814	Logging begins
2015-02-24T21:37:15.153452	Logging begins
2015-02-24T22:00:47.755991	User interrupted
2015-02-24T22:00:47.756377	Logging terminated
2015-02-24T22:00:50.350933	Logging begins
2015-02-24T22:16:17.885892	Logging begins
2015-02-26T22:03:01.154549	capture begins
2015-02-27T06:19:29.563548	capture begins
2015-02-27T06:20:22.340709	user interrupted
2015-02-27T06:20:26.895693	capture begins
2015-02-28T06:50:58.358246	capture begins
2015-02-28T06:54:41.131374	user interrupted
2015-02-28T06:55:19.412749	capture begins
2015-02-28T10:37:51.593760	capture begins
2015-02-28T10:38:01.201774	user interrupted
2015-02-28T10:38:01.202258	capture terminated
2015-02-28T10:38:44.612060	capture begins
2015-02-28T10:38:48.083503	user interrupted
2015-02-28T10:38:48.084079	capture terminated
2015-02-28T10:39:07.523981	capture begins
2015-02-28T10:40:45.011945	capture begins
2015-02-28T10:40:49.290534	user interrupted
2015-02-28T10:40:49.290778	capture terminated
2015-02-28T10:43:05.982068	capture begins
2015-02-28T10:43:12.174022	user interrupted
2015-02-28T10:43:12.176588	capture terminated
2015-02-28T10:43:35.986212	capture begins
2015-02-28T10:44:10.122992	capture begins
2015-02-28T10:44:13.582714	user interrupted
2015-02-28T10:44:13.583185	capture terminated
2015-02-28T10:46:53.035674	capture begins
2015-02-28T10:47:01.872046	user interrupted
2015-02-28T10:47:01.878143	capture terminated
2015-02-28T10:47:21.923905	capture begins
2015-02-28T10:47:27.615711	user interrupted
2015-02-28T10:47:27.616175	capture terminated
2015-02-28T10:48:24.744736	capture begins
2015-02-28T10:51:12.541353	user interrupted
2015-02-28T10:51:12.541626	capture terminated
2015-02-28T10:51:15.629088	capture begins
2015-02-28T10:56:43.805673	capture begins
2015-02-28T10:56:59.926289	USB-to-serial converters are EVIL
2015-02-28T10:57:04.072754	USB-to-serial converters are EVIL
2015-02-28T10:57:04.088367	USB-to-serial converters are EVIL
2015-02-28T10:57:24.621747	capture begins
2015-02-28T10:58:11.592370	user interrupted
2015-02-28T10:58:11.592883	capture terminated
2015-02-28T10:58:16.399446	capture begins
2015-03-06T20:49:16.250494	capture begins
2015-03-06T21:00:15.136086	capture begins
2015-03-06T21:13:46.847997	capture begins
2015-03-06T23:02:03.741954	capture begins
2015-03-11T09:12:46.878227	capture begins
2015-03-11T09:13:36.055953	user interrupted
2015-03-11T09:13:36.056216	capture terminated
2015-03-11T15:06:16.429130	capture begins
2015-03-11T15:06:51.955450	user interrupted
2015-03-11T15:06:51.956259	capture terminated
2015-03-11T15:08:41.304031	capture begins
2015-03-11T15:09:46.025244	user interrupted
2015-03-11T15:09:46.025735	capture terminated
2015-03-11T15:10:08.177061	capture begins
2015-03-11T15:10:37.653739	capture begins
2015-03-11T15:10:48.543341	user interrupted
2015-03-11T15:10:48.543696	capture terminated
2015-03-11T15:12:16.450534	capture begins
2015-03-11T15:12:28.671383	user interrupted
2015-03-11T15:12:28.671637	capture terminated
2015-03-11T15:13:14.274941	capture begins
2015-03-11T15:13:31.853016	user interrupted
2015-03-11T15:13:31.853264	capture terminated
2015-03-11T15:15:56.180048	capture begins
2015-03-11T15:17:34.711093	user interrupted
2015-03-11T15:17:34.711787	capture terminated
2015-03-11T15:17:36.488551	capture begins
2015-03-11T15:17:52.439491	user interrupted
2015-03-11T15:17:52.440211	capture terminated
2015-03-11T15:18:01.948036	capture begins
2015-03-11T15:18:18.687589	user interrupted
2015-03-11T15:18:18.688324	capture terminated
2015-03-11T15:18:27.142647	capture begins
2015-03-11T15:19:23.674728	capture begins
2015-03-11T15:19:30.614709	user interrupted
2015-03-11T15:19:30.615219	capture terminated
2015-03-11T15:19:32.471132	capture begins
2015-03-11T15:19:41.828608	user interrupted
2015-03-11T15:19:41.829318	capture terminated
2015-03-11T15:19:48.544766	capture begins
2015-03-11T15:19:51.996868	user interrupted
2015-03-11T15:19:51.997352	capture terminated
2015-03-11T15:20:04.716242	capture begins
2015-03-11T15:20:09.152038	user interrupted
2015-03-11T15:20:09.152284	capture terminated
2015-03-11T15:20:10.557910	capture begins
2015-03-11T15:20:18.237291	user interrupted
2015-03-11T15:20:18.237563	capture terminated
2015-03-11T15:20:57.304469	capture begins
2015-03-11T15:21:03.974266	user interrupted
2015-03-11T15:21:04.663931	capture terminated
2015-03-11T15:21:05.887039	capture begins
2015-03-11T15:21:09.606231	user interrupted
2015-03-11T15:21:09.606483	capture terminated
2015-03-11T15:21:11.601211	capture begins
2015-03-11T15:21:19.341233	user interrupted
2015-03-11T15:21:19.341485	capture terminated
2015-03-11T15:21:21.285196	capture begins
2015-03-11T15:21:29.789695	user interrupted
2015-03-11T15:21:29.789955	capture terminated
2015-03-11T15:21:31.210404	capture begins
2015-03-11T15:21:39.697727	user interrupted
2015-03-11T15:21:39.698167	capture terminated
2015-03-11T15:21:41.374452	capture begins
2015-03-11T18:30:29.441330	user interrupted
2015-03-11T18:30:29.442627	capture terminated
2015-03-11T18:30:33.114666	capture begins
2015-03-11T19:03:37.187279	capture begins
2015-03-11T19:03:52.362403	user interrupted
2015-03-11T19:03:52.362919	capture terminated
2015-03-11T19:03:55.994312	capture begins
2015-03-11T23:07:24.495365	capture begins
2015-03-11T23:07:44.739321	user interrupted
2015-03-11T23:07:44.739835	capture terminated
2015-03-11T23:07:55.515140	capture begins
2015-03-12T03:02:47.962535	user interrupted
2015-03-12T03:02:47.962799	capture terminated
2015-03-12T03:02:52.024842	capture begins
2015-03-12T03:09:38.652118	capture begins
2015-03-12T06:25:41.905054	user interrupted
2015-03-12T06:25:41.905561	capture terminated
2015-03-12T06:25:44.859848	capture begins
2015-03-12T06:26:39.178516	user interrupted
2015-03-12T06:26:39.179024	capture terminated
2015-03-12T06:26:40.530155	capture begins
2015-03-12T06:27:49.259256	user interrupted
2015-03-12T06:27:49.259761	capture terminated
2015-03-12T06:27:51.573852	capture begins
2015-03-12T06:29:08.501722	user interrupted
2015-03-12T06:29:08.502256	capture terminated
2015-03-12T06:29:10.625657	capture begins
2015-03-12T07:35:33.878763	user interrupted
2015-03-12T07:35:33.879275	capture terminated
2015-03-12T07:47:00.581299	capture begins
2015-03-12T07:47:21.525641	user interrupted
2015-03-12T07:47:21.526315	capture terminated
2015-03-12T07:47:29.694731	capture begins
2015-03-12T07:48:52.235984	capture begins
2015-03-12T07:51:10.083737	capture begins
2015-03-12T07:51:20.025172	user interrupted
2015-03-12T07:51:20.025392	capture terminated
2015-03-12T07:52:49.366302	capture begins
2015-03-12T07:53:02.475392	user interrupted
2015-03-12T07:53:02.475630	capture terminated
2015-03-12T07:54:30.410616	capture begins
2015-03-12T07:54:36.453085	user interrupted
2015-03-12T07:54:36.453546	capture terminated
2015-03-12T07:54:46.386098	capture begins
2015-03-12T07:54:52.585172	user interrupted
2015-03-12T07:54:52.588172	capture terminated
2015-03-12T07:55:30.855456	capture begins
2015-03-12T07:55:40.447462	user interrupted
2015-03-12T07:55:40.448173	capture terminated
2015-03-12T07:56:11.426925	capture begins
2015-03-12T07:56:15.776623	user interrupted
2015-03-12T07:56:15.786835	capture terminated
2015-03-12T08:02:00.819930	capture begins
2015-03-12T08:02:53.877564	user interrupted
2015-03-12T08:02:53.877794	capture terminated
2015-03-12T08:02:55.448583	capture begins
2015-03-12T08:03:57.442895	user interrupted
2015-03-12T08:03:57.443156	capture terminated
2015-03-12T08:03:59.116368	capture begins
2015-03-12T08:48:24.380119	capture begins
2015-03-12T08:48:57.835467	user interrupted
2015-03-12T08:48:57.835734	capture terminated
2015-03-12T08:49:06.889870	capture begins
2015-03-12T16:44:32.440823	capture begins
2015-03-12T17:06:35.843596	user interrupted
2015-03-12T17:06:35.844126	capture terminated
2015-03-12T17:06:37.388831	capture begins
2015-03-12T17:15:57.452457	user interrupted
2015-03-12T17:15:57.452699	capture terminated
2015-03-12T17:15:59.344205	capture begins
2015-03-12T17:18:51.609841	user interrupted
2015-03-12T17:18:51.610786	capture terminated
2015-03-12T17:18:53.237082	capture begins
2015-03-12T17:19:04.914900	user interrupted
2015-03-12T17:19:04.917929	capture terminated
2015-03-12T17:22:02.179775	capture begins
2015-03-12T17:22:05.507164	user interrupted
2015-03-12T17:22:05.507398	capture terminated
2015-03-12T17:24:08.701203	capture begins
2015-03-12T17:24:11.924458	user interrupted
2015-03-12T17:24:11.924693	capture terminated
2015-03-12T17:25:17.685026	capture begins
2015-03-12T17:25:19.888599	user interrupted
2015-03-12T17:25:19.888833	capture terminated
2015-03-12T17:25:23.849539	capture begins
2015-03-12T17:25:25.203947	user interrupted
2015-03-12T17:25:25.204180	capture terminated
2015-03-12T17:29:06.136090	capture begins
2015-03-12T17:29:09.158576	user interrupted
2015-03-12T17:29:09.159353	capture terminated
2015-03-12T17:32:47.440120	capture begins
2015-03-12T17:32:51.167560	user interrupted
2015-03-12T17:32:51.167860	capture terminated
2015-03-12T17:33:31.126176	capture begins
2015-03-12T17:33:33.869378	user interrupted
2015-03-12T17:33:33.870766	capture terminated
2015-03-12T17:36:55.761087	capture begins
2015-03-12T17:39:37.149385	user interrupted
2015-03-12T17:39:37.149907	capture terminated
2015-03-12T17:39:40.267428	capture begins
2015-03-12T17:39:42.396948	user interrupted
2015-03-12T17:39:42.405085	capture terminated
2015-03-12T17:39:46.962089	capture begins
2015-03-12T17:44:31.436579	user interrupted
2015-03-12T17:44:31.437086	capture terminated
2015-03-12T17:50:21.495470	capture begins
2014-04-23T20:21:03.570830	capture begins
2015-03-12T19:37:25.966786	capture begins
2015-03-12T19:39:32.993428	capture begins
2015-03-12T19:39:58.545649	USB-to-serial converters are EVIL
2015-03-12T19:43:13.285738	USB-to-serial converters are EVIL
2015-03-12T19:43:55.857836	USB-to-serial converters are EVIL
2015-03-12T19:44:40.941151	USB-to-serial converters are EVIL
2015-03-12T19:46:56.293598	USB-to-serial converters are EVIL
2015-03-12T19:47:11.393475	USB-to-serial converters are EVIL
2015-03-12T19:47:26.423013	USB-to-serial converters are EVIL
2015-03-12T19:47:41.483426	USB-to-serial converters are EVIL
2015-03-12T19:47:56.438420	USB-to-serial converters are EVIL
2015-03-12T19:50:41.791523	USB-to-serial converters are EVIL
2015-03-12T19:50:56.851999	USB-to-serial converters are EVIL
2015-03-12T19:52:27.441859	USB-to-serial converters are EVIL
2015-03-12T19:52:42.483291	USB-to-serial converters are EVIL
2015-03-12T19:52:42.508235	USB-to-serial converters are EVIL
2015-03-12T19:53:12.857823	USB-to-serial converters are EVIL
2015-03-12T19:53:12.906800	USB-to-serial converters are EVIL
2015-03-12T19:53:58.014658	USB-to-serial converters are EVIL
2015-03-12T19:56:13.707680	USB-to-serial converters are EVIL
2015-03-12T19:58:14.267381	USB-to-serial converters are EVIL
2015-03-12T19:58:59.803636	USB-to-serial converters are EVIL
2015-03-12T19:59:29.879595	USB-to-serial converters are EVIL
2015-03-12T20:02:46.143062	USB-to-serial converters are EVIL
2015-03-12T20:03:01.194044	USB-to-serial converters are EVIL
2015-03-12T20:04:16.803889	USB-to-serial converters are EVIL
2015-03-12T20:05:02.330565	USB-to-serial converters are EVIL
2015-03-12T20:05:17.369055	USB-to-serial converters are EVIL
2015-03-12T20:05:32.464420	USB-to-serial converters are EVIL
2015-03-12T20:11:05.175363	USB-to-serial converters are EVIL
2015-03-12T20:12:05.313000	USB-to-serial converters are EVIL
2015-03-12T20:15:20.852029	USB-to-serial converters are EVIL
2015-03-12T20:15:35.896355	USB-to-serial converters are EVIL
2015-03-12T20:15:50.943900	USB-to-serial converters are EVIL
2015-03-12T20:17:06.018496	USB-to-serial converters are EVIL
2015-03-12T20:18:06.244635	USB-to-serial converters are EVIL
2015-03-12T20:18:51.372173	USB-to-serial converters are EVIL
2015-03-12T20:19:06.407192	USB-to-serial converters are EVIL
2015-03-12T20:19:06.410878	USB-to-serial converters are EVIL
2015-03-12T20:19:51.498051	USB-to-serial converters are EVIL
2015-03-12T20:20:36.536410	USB-to-serial converters are EVIL
2015-03-12T20:21:06.619224	USB-to-serial converters are EVIL
2015-03-12T20:21:51.795547	USB-to-serial converters are EVIL
2015-03-12T20:22:21.874111	USB-to-serial converters are EVIL
2015-03-12T20:22:21.877885	USB-to-serial converters are EVIL
2015-03-12T20:23:37.049048	USB-to-serial converters are EVIL
2015-03-12T20:26:52.524079	USB-to-serial converters are EVIL
2015-03-12T20:27:22.661150	USB-to-serial converters are EVIL
2015-03-12T20:27:52.783786	USB-to-serial converters are EVIL
2015-03-12T20:28:07.832883	USB-to-serial converters are EVIL
2015-03-12T20:28:22.863861	USB-to-serial converters are EVIL
2015-03-12T20:28:37.866901	USB-to-serial converters are EVIL
2015-03-12T20:29:07.903281	USB-to-serial converters are EVIL
2015-03-12T20:30:53.580021	USB-to-serial converters are EVIL
2015-03-12T20:31:38.672402	USB-to-serial converters are EVIL
2015-03-12T20:32:38.877386	USB-to-serial converters are EVIL
2015-03-12T20:33:08.979034	USB-to-serial converters are EVIL
2015-03-12T20:34:09.002524	USB-to-serial converters are EVIL
2015-03-12T20:35:24.165591	USB-to-serial converters are EVIL
2015-03-12T20:35:54.246799	USB-to-serial converters are EVIL
2015-03-12T20:38:39.706979	USB-to-serial converters are EVIL
2015-03-12T20:39:09.705741	USB-to-serial converters are EVIL
2015-03-12T20:40:55.037617	USB-to-serial converters are EVIL
2015-03-12T20:42:10.224681	USB-to-serial converters are EVIL
2015-03-12T20:43:55.411662	USB-to-serial converters are EVIL
2015-03-12T20:44:10.511020	USB-to-serial converters are EVIL
2015-03-12T20:45:55.734910	USB-to-serial converters are EVIL
2015-03-12T20:46:10.706272	USB-to-serial converters are EVIL
2015-03-12T20:46:40.789701	USB-to-serial converters are EVIL
2015-03-12T20:47:25.958559	USB-to-serial converters are EVIL
2015-03-12T20:47:40.927662	USB-to-serial converters are EVIL
2015-03-12T20:47:55.965569	USB-to-serial converters are EVIL
2015-03-12T20:50:41.418456	USB-to-serial converters are EVIL
2015-03-12T20:52:11.631719	USB-to-serial converters are EVIL
2015-03-12T20:52:26.598756	USB-to-serial converters are EVIL
2015-03-12T20:53:56.914057	USB-to-serial converters are EVIL
2015-03-12T20:54:11.934841	USB-to-serial converters are EVIL
2015-03-12T20:54:11.942283	USB-to-serial converters are EVIL
2015-03-12T20:55:12.130471	USB-to-serial converters are EVIL
2015-03-12T20:56:57.420727	USB-to-serial converters are EVIL
2015-03-12T20:58:12.622000	USB-to-serial converters are EVIL
2015-03-12T20:58:57.659429	USB-to-serial converters are EVIL
2015-03-12T21:03:43.393480	USB-to-serial converters are EVIL
2015-03-12T21:03:58.421763	USB-to-serial converters are EVIL
2015-03-12T21:05:43.671345	USB-to-serial converters are EVIL
2015-03-12T21:05:58.699666	USB-to-serial converters are EVIL
2015-03-12T21:08:29.058487	USB-to-serial converters are EVIL
2015-03-12T21:09:14.184077	USB-to-serial converters are EVIL
2015-03-12T21:09:29.199110	USB-to-serial converters are EVIL
2015-03-12T21:09:44.230940	USB-to-serial converters are EVIL
2015-03-12T21:09:44.246617	USB-to-serial converters are EVIL
2015-03-12T21:10:14.375491	USB-to-serial converters are EVIL
2015-03-12T21:10:29.394971	USB-to-serial converters are EVIL
2015-03-12T21:10:44.366253	USB-to-serial converters are EVIL
2015-03-12T21:11:14.440214	USB-to-serial converters are EVIL
2015-03-12T21:11:59.551618	USB-to-serial converters are EVIL
2015-03-12T21:14:59.981468	USB-to-serial converters are EVIL
2015-03-12T21:15:45.185268	USB-to-serial converters are EVIL
2015-03-12T21:16:00.257643	USB-to-serial converters are EVIL
2015-03-12T21:17:15.447999	USB-to-serial converters are EVIL
2015-03-12T21:17:30.485229	USB-to-serial converters are EVIL
2015-03-12T21:18:30.702821	USB-to-serial converters are EVIL
2015-03-12T21:19:18.388572	USB-to-serial converters are EVIL
2015-03-12T21:19:31.188451	USB-to-serial converters are EVIL
2015-03-12T21:19:37.643162	USB-to-serial converters are EVIL
2015-03-12T21:20:16.354556	USB-to-serial converters are EVIL
2015-03-12T21:20:31.395154	USB-to-serial converters are EVIL
2015-03-12T21:21:51.559112	USB-to-serial converters are EVIL
2015-03-12T21:22:31.995874	USB-to-serial converters are EVIL
2015-03-12T21:23:08.059061	USB-to-serial converters are EVIL
2015-03-12T21:23:27.324171	USB-to-serial converters are EVIL
2015-03-12T21:23:46.397733	USB-to-serial converters are EVIL
2015-03-12T21:26:33.493725	USB-to-serial converters are EVIL
2015-03-12T21:26:57.827568	USB-to-serial converters are EVIL
2015-03-12T21:27:04.108524	USB-to-serial converters are EVIL
2015-03-12T21:27:17.021352	USB-to-serial converters are EVIL
2015-03-12T21:27:55.235528	USB-to-serial converters are EVIL
2015-03-12T21:28:19.305598	USB-to-serial converters are EVIL
2015-03-12T21:29:11.809052	USB-to-serial converters are EVIL
2015-03-12T21:29:11.861531	USB-to-serial converters are EVIL
2015-03-12T21:29:11.876823	USB-to-serial converters are EVIL
2015-03-12T21:29:19.773113	USB-to-serial converters are EVIL
2015-03-12T21:29:50.074122	USB-to-serial converters are EVIL
2015-03-12T21:30:35.362091	USB-to-serial converters are EVIL
2015-03-12T21:31:06.578611	USB-to-serial converters are EVIL
2015-03-12T21:31:25.777220	USB-to-serial converters are EVIL
2015-03-12T21:32:04.867133	USB-to-serial converters are EVIL
2015-03-12T21:32:36.063377	USB-to-serial converters are EVIL
2015-03-12T21:33:02.857863	USB-to-serial converters are EVIL
2015-03-12T21:33:41.200213	USB-to-serial converters are EVIL
2015-03-12T21:33:51.649021	USB-to-serial converters are EVIL
2015-03-12T21:34:22.181601	USB-to-serial converters are EVIL
2015-03-12T21:35:07.368285	USB-to-serial converters are EVIL
2015-03-12T21:35:35.857989	USB-to-serial converters are EVIL
2015-03-12T21:35:37.875502	USB-to-serial converters are EVIL
2015-03-12T21:35:55.102568	USB-to-serial converters are EVIL
2015-03-12T21:39:39.305310	USB-to-serial converters are EVIL
2015-03-12T21:47:42.156744	USB-to-serial converters are EVIL
2015-03-12T21:47:42.925663	USB-to-serial converters are EVIL
2015-03-12T21:53:47.018181	USB-to-serial converters are EVIL
2015-03-12T21:54:44.348564	USB-to-serial converters are EVIL
2015-03-12T21:54:44.471320	USB-to-serial converters are EVIL
2015-03-12T21:55:14.421382	USB-to-serial converters are EVIL
2015-03-12T21:55:22.672754	USB-to-serial converters are EVIL
2015-03-12T21:55:22.712529	USB-to-serial converters are EVIL
2015-03-12T21:55:29.442556	USB-to-serial converters are EVIL
2015-03-12T21:55:59.520161	USB-to-serial converters are EVIL
2015-03-12T21:55:59.606507	USB-to-serial converters are EVIL
2015-03-12T21:56:00.822197	USB-to-serial converters are EVIL
2015-03-12T21:56:14.571745	USB-to-serial converters are EVIL
2015-03-12T21:56:20.070868	USB-to-serial converters are EVIL
2015-03-12T21:57:14.759070	USB-to-serial converters are EVIL
2015-03-12T21:57:29.718642	USB-to-serial converters are EVIL
2015-03-12T21:57:44.742188	USB-to-serial converters are EVIL
2015-03-12T21:58:14.747947	USB-to-serial converters are EVIL
2015-03-12T21:58:52.999916	USB-to-serial converters are EVIL
2015-03-12T21:58:59.982145	USB-to-serial converters are EVIL
2015-03-12T22:06:51.371942	USB-to-serial converters are EVIL
2015-03-12T22:06:51.497941	USB-to-serial converters are EVIL
2015-03-12T22:07:10.583562	USB-to-serial converters are EVIL
2015-03-12T22:07:16.451059	USB-to-serial converters are EVIL
2015-03-12T22:07:29.727805	USB-to-serial converters are EVIL
2015-03-12T22:07:46.510777	USB-to-serial converters are EVIL
2015-03-12T22:08:01.490128	USB-to-serial converters are EVIL
2015-03-12T22:08:16.535143	USB-to-serial converters are EVIL
2015-03-12T22:08:31.551787	USB-to-serial converters are EVIL
2015-03-12T22:09:16.732159	USB-to-serial converters are EVIL
2015-03-12T22:09:31.771176	USB-to-serial converters are EVIL
2015-03-12T22:16:18.046170	USB-to-serial converters are EVIL
2015-03-12T22:16:46.303417	USB-to-serial converters are EVIL
2015-03-12T22:17:05.419724	USB-to-serial converters are EVIL
2015-03-12T22:17:18.204371	USB-to-serial converters are EVIL
2015-03-12T22:17:18.211812	USB-to-serial converters are EVIL
2015-03-12T22:17:48.320502	USB-to-serial converters are EVIL
2015-03-12T22:18:02.880432	USB-to-serial converters are EVIL
2015-03-12T22:18:22.070208	USB-to-serial converters are EVIL
2015-03-12T22:18:33.406423	USB-to-serial converters are EVIL
2015-03-12T22:19:00.237085	USB-to-serial converters are EVIL
2015-03-12T22:19:57.579018	USB-to-serial converters are EVIL
2015-03-12T22:23:19.398110	USB-to-serial converters are EVIL
2015-03-12T22:26:40.162062	USB-to-serial converters are EVIL
2015-03-12T22:26:49.783176	USB-to-serial converters are EVIL
2015-03-12T22:26:49.861415	USB-to-serial converters are EVIL
2015-03-12T22:27:04.897103	USB-to-serial converters are EVIL
2015-03-12T22:27:18.321036	USB-to-serial converters are EVIL
2015-03-12T22:27:34.964109	USB-to-serial converters are EVIL
2015-03-12T22:27:49.942643	USB-to-serial converters are EVIL
2015-03-12T22:27:49.950083	USB-to-serial converters are EVIL
2015-03-12T22:29:13.216721	USB-to-serial converters are EVIL
2015-03-12T22:33:20.653015	USB-to-serial converters are EVIL
2015-03-12T22:33:35.747261	USB-to-serial converters are EVIL
2015-03-12T22:33:50.793880	USB-to-serial converters are EVIL
2015-03-12T22:34:00.857844	USB-to-serial converters are EVIL
2015-03-12T22:34:19.974626	USB-to-serial converters are EVIL
2015-03-12T22:34:20.094120	USB-to-serial converters are EVIL
2015-03-12T22:35:55.624805	USB-to-serial converters are EVIL
2015-03-12T22:38:47.842757	USB-to-serial converters are EVIL
2015-03-12T22:39:51.529414	USB-to-serial converters are EVIL
2015-03-12T22:44:32.753181	USB-to-serial converters are EVIL
2015-03-12T22:45:10.975573	USB-to-serial converters are EVIL
2015-03-12T22:45:30.117743	USB-to-serial converters are EVIL
2015-03-12T22:46:37.562374	USB-to-serial converters are EVIL
2015-03-12T22:47:22.798055	USB-to-serial converters are EVIL
2015-03-12T22:47:22.819460	USB-to-serial converters are EVIL
2015-03-12T22:47:25.687981	USB-to-serial converters are EVIL
2015-03-12T22:47:25.801909	USB-to-serial converters are EVIL
2015-03-12T22:47:37.846267	USB-to-serial converters are EVIL
2015-03-12T22:53:48.325250	USB-to-serial converters are EVIL
2015-03-12T22:54:07.337582	USB-to-serial converters are EVIL
2015-03-12T22:54:26.526564	USB-to-serial converters are EVIL
2015-03-12T22:54:26.534004	USB-to-serial converters are EVIL
2015-03-12T22:54:54.885673	USB-to-serial converters are EVIL
2015-03-12T22:55:09.912611	USB-to-serial converters are EVIL
2015-03-12T22:55:43.143336	USB-to-serial converters are EVIL
2015-03-12T22:56:02.156197	USB-to-serial converters are EVIL
2015-03-12T22:56:02.233163	USB-to-serial converters are EVIL
2015-03-12T22:56:55.428745	USB-to-serial converters are EVIL
2015-03-12T22:56:59.605296	USB-to-serial converters are EVIL
2015-03-12T22:57:10.462454	USB-to-serial converters are EVIL
2015-03-12T22:57:37.891835	USB-to-serial converters are EVIL
2015-03-12T22:59:32.654188	USB-to-serial converters are EVIL
2015-03-12T22:59:41.649696	USB-to-serial converters are EVIL
2015-03-12T23:06:29.382705	USB-to-serial converters are EVIL
2015-03-12T23:06:34.100096	USB-to-serial converters are EVIL
2015-03-12T23:06:53.268697	USB-to-serial converters are EVIL
2015-03-12T23:06:59.821696	USB-to-serial converters are EVIL
2015-03-12T23:06:59.829069	USB-to-serial converters are EVIL
2015-03-12T23:06:59.857848	USB-to-serial converters are EVIL
2015-03-12T23:07:12.325191	USB-to-serial converters are EVIL
2015-03-12T23:07:31.573309	USB-to-serial converters are EVIL
2015-03-12T23:07:50.703834	USB-to-serial converters are EVIL
2015-03-12T23:08:14.994139	USB-to-serial converters are EVIL
2015-03-12T23:08:45.074844	USB-to-serial converters are EVIL
2015-03-12T23:08:48.130021	USB-to-serial converters are EVIL
2015-03-12T23:09:07.131451	USB-to-serial converters are EVIL
2015-03-12T23:09:15.575346	USB-to-serial converters are EVIL
2015-03-12T23:09:45.396509	USB-to-serial converters are EVIL
2015-03-12T23:16:08.626501	USB-to-serial converters are EVIL
2015-03-12T23:16:08.747971	USB-to-serial converters are EVIL
2015-03-12T23:16:46.782380	USB-to-serial converters are EVIL
2015-03-12T23:16:46.956963	USB-to-serial converters are EVIL
2015-03-12T23:17:31.828947	USB-to-serial converters are EVIL
2015-03-12T23:17:44.283123	USB-to-serial converters are EVIL
2015-03-12T23:18:01.965424	USB-to-serial converters are EVIL
2015-03-12T23:18:03.397740	USB-to-serial converters are EVIL
2015-03-12T23:18:03.470618	USB-to-serial converters are EVIL
2015-03-12T23:18:41.725591	USB-to-serial converters are EVIL
2015-03-12T23:18:46.980997	USB-to-serial converters are EVIL
2015-03-12T23:19:17.118184	USB-to-serial converters are EVIL
2015-03-12T23:19:39.131452	USB-to-serial converters are EVIL
2015-03-12T23:23:17.699905	USB-to-serial converters are EVIL
2015-03-12T23:23:32.743380	USB-to-serial converters are EVIL
2015-03-12T23:26:33.153941	USB-to-serial converters are EVIL
2015-03-12T23:26:40.042934	USB-to-serial converters are EVIL
2015-03-12T23:27:18.305162	USB-to-serial converters are EVIL
2015-03-12T23:28:34.705052	USB-to-serial converters are EVIL
2015-03-12T23:29:13.059012	USB-to-serial converters are EVIL
2015-03-12T23:29:18.467268	USB-to-serial converters are EVIL
2015-03-12T23:33:25.533145	USB-to-serial converters are EVIL
2015-03-12T23:33:34.046005	USB-to-serial converters are EVIL
2015-03-12T23:33:34.074689	USB-to-serial converters are EVIL
2015-03-12T23:33:34.122188	USB-to-serial converters are EVIL
2015-03-12T23:35:34.510959	USB-to-serial converters are EVIL
2015-03-12T23:35:34.518478	USB-to-serial converters are EVIL
2015-03-12T23:35:39.502674	USB-to-serial converters are EVIL
2015-03-12T23:35:58.472202	USB-to-serial converters are EVIL
2015-03-12T23:39:05.786390	USB-to-serial converters are EVIL
2015-03-12T23:39:09.942034	USB-to-serial converters are EVIL
2015-03-12T23:39:48.071530	USB-to-serial converters are EVIL
2015-03-12T23:43:07.864375	USB-to-serial converters are EVIL
2015-03-12T23:43:38.696198	USB-to-serial converters are EVIL
2015-03-12T23:44:55.290870	USB-to-serial converters are EVIL
2015-03-12T23:45:14.426205	USB-to-serial converters are EVIL
2015-03-12T23:47:28.437919	USB-to-serial converters are EVIL
2015-03-12T23:47:39.367067	USB-to-serial converters are EVIL
2015-03-12T23:48:06.745681	USB-to-serial converters are EVIL
2015-03-12T23:53:56.831916	USB-to-serial converters are EVIL
2015-03-12T23:54:26.895172	USB-to-serial converters are EVIL
2015-03-12T23:54:32.330584	USB-to-serial converters are EVIL
2015-03-12T23:55:09.164959	USB-to-serial converters are EVIL
2015-03-12T23:56:44.781141	USB-to-serial converters are EVIL
2015-03-12T23:56:44.915942	USB-to-serial converters are EVIL
2015-03-12T23:57:04.078065	USB-to-serial converters are EVIL
2015-03-12T23:57:42.285041	USB-to-serial converters are EVIL
2015-03-12T23:58:01.467815	USB-to-serial converters are EVIL
2015-03-12T23:58:20.460013	USB-to-serial converters are EVIL
2015-03-12T23:58:58.852794	USB-to-serial converters are EVIL
2015-03-12T23:59:48.673364	USB-to-serial converters are EVIL
2015-03-12T23:59:56.159158	USB-to-serial converters are EVIL
2015-03-13T00:06:00.596854	USB-to-serial converters are EVIL
2015-03-13T00:06:04.797826	USB-to-serial converters are EVIL
2015-03-13T00:07:20.289588	USB-to-serial converters are EVIL
2015-03-13T00:07:36.297853	USB-to-serial converters are EVIL
2015-03-13T00:07:55.429266	USB-to-serial converters are EVIL
2015-03-13T00:08:33.627511	USB-to-serial converters are EVIL
2015-03-13T00:09:20.453635	USB-to-serial converters are EVIL
2015-03-13T00:09:35.840407	USB-to-serial converters are EVIL
2015-03-13T00:09:50.130831	USB-to-serial converters are EVIL
2015-03-13T00:16:12.962036	USB-to-serial converters are EVIL
2015-03-13T00:17:38.826973	USB-to-serial converters are EVIL
2015-03-13T00:17:38.842440	USB-to-serial converters are EVIL
2015-03-13T00:17:48.694101	USB-to-serial converters are EVIL
2015-03-13T00:18:23.976378	USB-to-serial converters are EVIL
2015-03-13T00:18:45.960141	USB-to-serial converters are EVIL
2015-03-13T00:19:24.269064	USB-to-serial converters are EVIL
2015-03-13T00:19:24.447927	USB-to-serial converters are EVIL
2015-03-13T00:19:43.489686	USB-to-serial converters are EVIL
2015-03-13T00:19:43.496995	USB-to-serial converters are EVIL
2015-03-13T00:19:54.165930	USB-to-serial converters are EVIL
2015-03-13T00:23:14.795762	USB-to-serial converters are EVIL
2015-03-13T00:23:14.918551	USB-to-serial converters are EVIL
2015-03-13T00:26:45.263570	USB-to-serial converters are EVIL
2015-03-13T00:26:45.371655	USB-to-serial converters are EVIL
2015-03-13T00:27:23.665430	USB-to-serial converters are EVIL
2015-03-13T00:28:01.898388	USB-to-serial converters are EVIL
2015-03-13T00:28:20.961831	USB-to-serial converters are EVIL
2015-03-13T00:28:40.147133	USB-to-serial converters are EVIL
2015-03-13T00:28:57.429639	USB-to-serial converters are EVIL
2015-03-13T00:28:59.175006	USB-to-serial converters are EVIL
2015-03-13T00:28:59.182435	USB-to-serial converters are EVIL
2015-03-13T00:29:37.445138	USB-to-serial converters are EVIL
2015-03-13T00:29:42.547591	USB-to-serial converters are EVIL
2015-03-13T00:33:44.505704	USB-to-serial converters are EVIL
2015-03-13T00:33:59.578664	USB-to-serial converters are EVIL
2015-03-13T00:34:14.539706	USB-to-serial converters are EVIL
2015-03-13T00:34:29.553321	USB-to-serial converters are EVIL
2015-03-13T00:35:14.653219	USB-to-serial converters are EVIL
2015-03-13T00:35:30.110270	USB-to-serial converters are EVIL
2015-03-13T00:36:00.157472	USB-to-serial converters are EVIL
2015-03-13T00:38:16.304974	USB-to-serial converters are EVIL
2015-03-13T00:38:54.044070	USB-to-serial converters are EVIL
2015-03-13T00:39:32.345231	USB-to-serial converters are EVIL
2015-03-13T00:43:22.373761	USB-to-serial converters are EVIL
2015-03-13T00:43:48.114211	USB-to-serial converters are EVIL
2015-03-13T00:44:00.820776	USB-to-serial converters are EVIL
2015-03-13T00:44:19.861169	USB-to-serial converters are EVIL
2015-03-13T00:44:58.188868	USB-to-serial converters are EVIL
2015-03-13T00:45:03.744060	USB-to-serial converters are EVIL
2015-03-13T00:45:17.389877	USB-to-serial converters are EVIL
2015-03-13T00:45:36.500943	USB-to-serial converters are EVIL
2015-03-13T00:45:36.634044	USB-to-serial converters are EVIL
2015-03-13T00:45:55.629477	USB-to-serial converters are EVIL
2015-03-13T00:46:14.775958	USB-to-serial converters are EVIL
2015-03-13T00:46:18.833240	USB-to-serial converters are EVIL
2015-03-13T00:46:34.143759	USB-to-serial converters are EVIL
2015-03-13T00:46:49.370071	USB-to-serial converters are EVIL
2015-03-13T00:47:04.312955	USB-to-serial converters are EVIL
2015-03-13T00:47:31.402998	USB-to-serial converters are EVIL
2015-03-13T00:47:49.844153	USB-to-serial converters are EVIL
2015-03-13T00:53:52.015436	USB-to-serial converters are EVIL
2015-03-13T00:54:07.038020	USB-to-serial converters are EVIL
2015-03-13T00:54:13.363765	USB-to-serial converters are EVIL
2015-03-13T00:54:13.468033	USB-to-serial converters are EVIL
2015-03-13T00:54:37.029785	USB-to-serial converters are EVIL
2015-03-13T00:55:49.174184	USB-to-serial converters are EVIL
2015-03-13T00:56:23.169515	USB-to-serial converters are EVIL
2015-03-13T00:56:27.542073	USB-to-serial converters are EVIL
2015-03-13T00:57:38.723903	USB-to-serial converters are EVIL
2015-03-13T00:57:44.076147	USB-to-serial converters are EVIL
2015-03-13T00:57:53.762393	USB-to-serial converters are EVIL
2015-03-13T00:59:58.139257	USB-to-serial converters are EVIL
2015-03-13T01:06:10.204380	USB-to-serial converters are EVIL
2015-03-13T01:06:40.003011	USB-to-serial converters are EVIL
2015-03-13T01:06:40.220007	USB-to-serial converters are EVIL
2015-03-13T01:07:10.329731	USB-to-serial converters are EVIL
2015-03-13T01:07:25.305910	USB-to-serial converters are EVIL
2015-03-13T01:07:55.410706	USB-to-serial converters are EVIL
2015-03-13T01:08:53.949435	USB-to-serial converters are EVIL
2015-03-13T01:09:32.346652	USB-to-serial converters are EVIL
2015-03-13T01:09:51.474447	USB-to-serial converters are EVIL
2015-03-13T01:15:55.182085	USB-to-serial converters are EVIL
2015-03-13T01:16:52.682234	USB-to-serial converters are EVIL
2015-03-13T01:16:56.413952	USB-to-serial converters are EVIL
2015-03-13T01:17:11.512299	USB-to-serial converters are EVIL
2015-03-13T01:17:30.973092	USB-to-serial converters are EVIL
2015-03-13T01:17:41.479429	USB-to-serial converters are EVIL
2015-03-13T01:17:49.972571	USB-to-serial converters are EVIL
2015-03-13T01:18:09.167415	USB-to-serial converters are EVIL
2015-03-13T01:18:26.613775	USB-to-serial converters are EVIL
2015-03-13T01:19:11.643154	USB-to-serial converters are EVIL
2015-03-13T01:19:25.641829	USB-to-serial converters are EVIL
2015-03-13T01:19:41.762715	USB-to-serial converters are EVIL
2015-03-13T01:19:44.799432	USB-to-serial converters are EVIL
2015-03-13T01:23:15.305227	USB-to-serial converters are EVIL
2015-03-13T01:23:15.356431	USB-to-serial converters are EVIL
2015-03-13T01:23:34.404021	USB-to-serial converters are EVIL
2015-03-13T01:23:34.506827	USB-to-serial converters are EVIL
2015-03-13T01:23:53.541510	USB-to-serial converters are EVIL
2015-03-13T01:26:59.133696	USB-to-serial converters are EVIL
2015-03-13T01:27:44.572740	USB-to-serial converters are EVIL
2015-03-13T01:28:02.236234	USB-to-serial converters are EVIL
2015-03-13T01:28:21.385244	USB-to-serial converters are EVIL
2015-03-13T01:28:59.628394	USB-to-serial converters are EVIL
2015-03-13T01:28:59.830968	USB-to-serial converters are EVIL
2015-03-13T01:29:19.873092	USB-to-serial converters are EVIL
2015-03-13T01:33:16.059624	USB-to-serial converters are EVIL
2015-03-13T01:33:48.845944	USB-to-serial converters are EVIL
2015-03-13T01:34:16.151371	USB-to-serial converters are EVIL
2015-03-13T01:34:46.188580	USB-to-serial converters are EVIL
2015-03-13T01:35:01.600056	USB-to-serial converters are EVIL
2015-03-13T01:35:16.670892	USB-to-serial converters are EVIL
2015-03-13T01:35:43.572750	USB-to-serial converters are EVIL
2015-03-13T01:35:46.732138	USB-to-serial converters are EVIL
2015-03-13T01:36:01.736195	USB-to-serial converters are EVIL
2015-03-13T01:38:36.657228	USB-to-serial converters are EVIL
2015-03-13T01:38:55.858374	USB-to-serial converters are EVIL
2015-03-13T01:39:33.081100	USB-to-serial converters are EVIL
2015-03-13T01:39:53.173116	USB-to-serial converters are EVIL
2015-03-13T01:43:19.489228	USB-to-serial converters are EVIL
2015-03-13T01:43:44.438614	USB-to-serial converters are EVIL
2015-03-13T01:44:03.443854	USB-to-serial converters are EVIL
2015-03-13T01:44:03.467945	USB-to-serial converters are EVIL
2015-03-13T01:44:19.841078	USB-to-serial converters are EVIL
2015-03-13T01:44:34.864192	USB-to-serial converters are EVIL
2015-03-13T01:46:50.573633	USB-to-serial converters are EVIL
2015-03-13T01:47:14.990759	USB-to-serial converters are EVIL
2015-03-13T01:47:21.036933	USB-to-serial converters are EVIL
2015-03-13T01:47:51.036913	USB-to-serial converters are EVIL
2015-03-13T01:49:51.316768	USB-to-serial converters are EVIL
2015-03-13T01:53:56.789569	USB-to-serial converters are EVIL
2015-03-13T01:54:52.765164	USB-to-serial converters are EVIL
2015-03-13T01:54:54.237576	USB-to-serial converters are EVIL
2015-03-13T01:54:54.244951	USB-to-serial converters are EVIL
2015-03-13T01:55:13.405001	USB-to-serial converters are EVIL
2015-03-13T01:55:22.747287	USB-to-serial converters are EVIL
2015-03-13T01:56:23.310535	USB-to-serial converters are EVIL
2015-03-13T01:56:38.346235	USB-to-serial converters are EVIL
2015-03-13T01:57:08.238985	USB-to-serial converters are EVIL
2015-03-13T01:58:43.813103	USB-to-serial converters are EVIL
2015-03-13T01:59:03.016510	USB-to-serial converters are EVIL
2015-03-13T01:59:41.153301	USB-to-serial converters are EVIL
2015-03-13T02:07:30.024850	USB-to-serial converters are EVIL
2015-03-13T02:08:08.216247	USB-to-serial converters are EVIL
2015-03-13T02:08:27.341712	USB-to-serial converters are EVIL
2015-03-13T02:08:28.800055	USB-to-serial converters are EVIL
2015-03-13T02:09:05.672462	USB-to-serial converters are EVIL
2015-03-13T02:09:44.009040	USB-to-serial converters are EVIL
2015-03-13T02:09:59.281024	USB-to-serial converters are EVIL
2015-03-13T02:09:59.354692	USB-to-serial converters are EVIL
2015-03-13T02:15:46.553632	USB-to-serial converters are EVIL
2015-03-13T02:15:47.392314	USB-to-serial converters are EVIL
2015-03-13T02:16:01.555324	USB-to-serial converters are EVIL
2015-03-13T02:16:06.479603	USB-to-serial converters are EVIL
2015-03-13T02:16:31.658162	USB-to-serial converters are EVIL
2015-03-13T02:17:32.170405	USB-to-serial converters are EVIL
2015-03-13T02:17:47.213809	USB-to-serial converters are EVIL
2015-03-13T02:18:20.479760	USB-to-serial converters are EVIL
2015-03-13T02:18:20.568243	USB-to-serial converters are EVIL
2015-03-13T02:18:39.563608	USB-to-serial converters are EVIL
2015-03-13T02:18:39.687395	USB-to-serial converters are EVIL
2015-03-13T02:18:47.337177	USB-to-serial converters are EVIL
2015-03-13T02:18:47.344638	USB-to-serial converters are EVIL
2015-03-13T02:19:17.934634	USB-to-serial converters are EVIL
2015-03-13T02:19:47.939026	USB-to-serial converters are EVIL
2015-03-13T02:19:56.071181	USB-to-serial converters are EVIL
2015-03-13T02:19:56.193961	USB-to-serial converters are EVIL
2015-03-13T02:23:34.093386	USB-to-serial converters are EVIL
2015-03-13T02:23:47.038250	USB-to-serial converters are EVIL
2015-03-13T02:23:47.045705	USB-to-serial converters are EVIL
2015-03-13T02:24:04.582991	USB-to-serial converters are EVIL
2015-03-13T02:26:58.433016	USB-to-serial converters are EVIL
2015-03-13T02:27:17.547843	USB-to-serial converters are EVIL
2015-03-13T02:27:35.829283	USB-to-serial converters are EVIL
2015-03-13T02:27:36.542232	USB-to-serial converters are EVIL
2015-03-13T02:28:14.855904	USB-to-serial converters are EVIL
2015-03-13T02:28:21.346184	USB-to-serial converters are EVIL
2015-03-13T02:28:51.425057	USB-to-serial converters are EVIL
2015-03-13T02:28:51.432510	USB-to-serial converters are EVIL
2015-03-13T02:33:22.510983	USB-to-serial converters are EVIL
2015-03-13T02:33:52.553305	USB-to-serial converters are EVIL
2015-03-13T02:34:19.240771	USB-to-serial converters are EVIL
2015-03-13T02:34:22.663479	USB-to-serial converters are EVIL
2015-03-13T02:34:22.670760	USB-to-serial converters are EVIL
2015-03-13T02:35:07.741138	USB-to-serial converters are EVIL
2015-03-13T02:35:16.627498	USB-to-serial converters are EVIL
2015-03-13T02:35:35.745604	USB-to-serial converters are EVIL
2015-03-13T02:35:54.857854	USB-to-serial converters are EVIL
2015-03-13T02:39:25.350826	USB-to-serial converters are EVIL
2015-03-13T02:39:25.471319	USB-to-serial converters are EVIL
2015-03-13T02:43:24.321261	USB-to-serial converters are EVIL
2015-03-13T02:43:34.063247	USB-to-serial converters are EVIL
2015-03-13T02:43:39.436503	USB-to-serial converters are EVIL
2015-03-13T02:43:53.206050	USB-to-serial converters are EVIL
2015-03-13T02:43:53.328938	USB-to-serial converters are EVIL
2015-03-13T02:43:54.818978	USB-to-serial converters are EVIL
2015-03-13T02:44:09.848341	USB-to-serial converters are EVIL
2015-03-13T02:44:12.397191	USB-to-serial converters are EVIL
2015-03-13T02:44:24.865903	USB-to-serial converters are EVIL
2015-03-13T02:44:31.607922	USB-to-serial converters are EVIL
2015-03-13T02:44:50.703875	USB-to-serial converters are EVIL
2015-03-13T02:45:47.965547	USB-to-serial converters are EVIL
2015-03-13T02:46:26.288190	USB-to-serial converters are EVIL
2015-03-13T02:46:56.028900	USB-to-serial converters are EVIL
2015-03-13T02:47:23.664014	USB-to-serial converters are EVIL
2015-03-13T02:47:26.005113	USB-to-serial converters are EVIL
2015-03-13T02:54:44.212825	USB-to-serial converters are EVIL
2015-03-13T02:55:03.407859	USB-to-serial converters are EVIL
2015-03-13T02:55:14.745204	USB-to-serial converters are EVIL
2015-03-13T02:55:22.532882	USB-to-serial converters are EVIL
2015-03-13T02:55:44.881624	USB-to-serial converters are EVIL
2015-03-13T02:55:44.952437	USB-to-serial converters are EVIL
2015-03-13T02:56:19.930357	USB-to-serial converters are EVIL
2015-03-13T02:56:44.982336	USB-to-serial converters are EVIL
2015-03-13T02:57:36.397594	USB-to-serial converters are EVIL
2015-03-13T02:57:36.485162	USB-to-serial converters are EVIL
2015-03-13T02:58:00.637925	USB-to-serial converters are EVIL
2015-03-13T02:58:14.795974	USB-to-serial converters are EVIL
2015-03-13T02:58:15.594735	USB-to-serial converters are EVIL
2015-03-13T02:58:53.044384	USB-to-serial converters are EVIL
2015-03-13T02:59:45.833279	USB-to-serial converters are EVIL
2015-03-13T02:59:50.295981	USB-to-serial converters are EVIL
2015-03-13T03:00:00.867669	USB-to-serial converters are EVIL
2015-03-13T03:06:02.997104	USB-to-serial converters are EVIL
2015-03-13T03:06:13.827543	USB-to-serial converters are EVIL
2015-03-13T03:06:33.137333	USB-to-serial converters are EVIL
2015-03-13T03:06:48.133897	USB-to-serial converters are EVIL
2015-03-13T03:07:31.218410	USB-to-serial converters are EVIL
2015-03-13T03:07:33.479188	USB-to-serial converters are EVIL
2015-03-13T03:08:09.542580	USB-to-serial converters are EVIL
2015-03-13T03:08:18.487104	USB-to-serial converters are EVIL
2015-03-13T03:08:28.711340	USB-to-serial converters are EVIL
2015-03-13T03:08:47.738203	USB-to-serial converters are EVIL
2015-03-13T03:08:48.679808	USB-to-serial converters are EVIL
2015-03-13T03:09:26.190539	USB-to-serial converters are EVIL
2015-03-13T03:15:51.407481	USB-to-serial converters are EVIL
2015-03-13T03:15:51.414915	USB-to-serial converters are EVIL
2015-03-13T03:16:08.833903	USB-to-serial converters are EVIL
2015-03-13T03:16:46.983954	USB-to-serial converters are EVIL
2015-03-13T03:16:47.106519	USB-to-serial converters are EVIL
2015-03-13T03:16:51.857855	USB-to-serial converters are EVIL
2015-03-13T03:17:06.905702	USB-to-serial converters are EVIL
2015-03-13T03:17:44.442943	USB-to-serial converters are EVIL
2015-03-13T03:17:44.471588	USB-to-serial converters are EVIL
2015-03-13T03:18:07.414655	USB-to-serial converters are EVIL
2015-03-13T03:18:22.468207	USB-to-serial converters are EVIL
2015-03-13T03:18:22.758298	USB-to-serial converters are EVIL
2015-03-13T03:18:22.778359	USB-to-serial converters are EVIL
2015-03-13T03:19:22.623749	USB-to-serial converters are EVIL
2015-03-13T03:19:39.148410	USB-to-serial converters are EVIL
2015-03-13T03:23:38.827603	USB-to-serial converters are EVIL
2015-03-13T03:23:38.834967	USB-to-serial converters are EVIL
2015-03-13T03:27:00.693774	USB-to-serial converters are EVIL
2015-03-13T03:27:55.569208	USB-to-serial converters are EVIL
2015-03-13T03:28:26.047768	USB-to-serial converters are EVIL
2015-03-13T03:28:36.338960	USB-to-serial converters are EVIL
2015-03-13T03:28:55.469279	USB-to-serial converters are EVIL
2015-03-13T03:28:56.104440	USB-to-serial converters are EVIL
2015-03-13T03:29:54.696697	USB-to-serial converters are EVIL
2015-03-13T03:29:54.817087	USB-to-serial converters are EVIL
2015-03-13T03:33:12.355380	USB-to-serial converters are EVIL
2015-03-13T03:33:12.367663	USB-to-serial converters are EVIL
2015-03-13T03:33:27.396365	USB-to-serial converters are EVIL
2015-03-13T03:33:44.341725	USB-to-serial converters are EVIL
2015-03-13T03:34:22.555101	USB-to-serial converters are EVIL
2015-03-13T03:34:27.467347	USB-to-serial converters are EVIL
2015-03-13T03:35:58.212145	USB-to-serial converters are EVIL
2015-03-13T03:38:57.912618	USB-to-serial converters are EVIL
2015-03-13T03:39:27.960369	USB-to-serial converters are EVIL
2015-03-13T03:39:47.719213	USB-to-serial converters are EVIL
2015-03-13T03:43:14.295786	USB-to-serial converters are EVIL
2015-03-13T03:43:29.381763	USB-to-serial converters are EVIL
2015-03-13T03:43:44.411411	USB-to-serial converters are EVIL
2015-03-13T03:43:44.418892	USB-to-serial converters are EVIL
2015-03-13T03:45:32.213753	USB-to-serial converters are EVIL
2015-03-13T03:45:32.338972	USB-to-serial converters are EVIL
2015-03-13T03:46:10.493594	USB-to-serial converters are EVIL
2015-03-13T03:46:10.500955	USB-to-serial converters are EVIL
2015-03-13T03:54:10.574145	USB-to-serial converters are EVIL
2015-03-13T03:54:49.134662	USB-to-serial converters are EVIL
2015-03-13T03:55:34.484846	USB-to-serial converters are EVIL
2015-03-13T03:55:46.382461	USB-to-serial converters are EVIL
2015-03-13T03:56:05.366202	USB-to-serial converters are EVIL
2015-03-13T03:56:19.528459	USB-to-serial converters are EVIL
2015-03-13T03:56:34.624983	USB-to-serial converters are EVIL
2015-03-13T03:57:02.829313	USB-to-serial converters are EVIL
2015-03-13T03:57:22.022468	USB-to-serial converters are EVIL
2015-03-13T03:57:41.066883	USB-to-serial converters are EVIL
2015-03-13T03:57:50.074077	USB-to-serial converters are EVIL
2015-03-13T03:57:50.143791	USB-to-serial converters are EVIL
2015-03-13T03:58:19.401653	USB-to-serial converters are EVIL
2015-03-13T03:58:38.403886	USB-to-serial converters are EVIL
2015-03-13T03:58:50.621571	USB-to-serial converters are EVIL
2015-03-13T03:58:50.661091	USB-to-serial converters are EVIL
2015-03-13T03:59:35.746995	USB-to-serial converters are EVIL
2015-03-13T04:06:53.140468	USB-to-serial converters are EVIL
2015-03-13T04:06:55.813021	USB-to-serial converters are EVIL
2015-03-13T04:06:55.895493	USB-to-serial converters are EVIL
2015-03-13T04:07:15.083000	USB-to-serial converters are EVIL
2015-03-13T04:07:23.196530	USB-to-serial converters are EVIL
2015-03-13T04:07:53.361157	USB-to-serial converters are EVIL
2015-03-13T04:08:12.411917	USB-to-serial converters are EVIL
2015-03-13T04:08:53.752851	USB-to-serial converters are EVIL
2015-03-13T04:09:08.780171	USB-to-serial converters are EVIL
2015-03-13T04:09:39.319378	USB-to-serial converters are EVIL
2015-03-13T04:09:47.990134	USB-to-serial converters are EVIL
2015-03-13T04:15:57.129558	USB-to-serial converters are EVIL
2015-03-13T04:16:27.237249	USB-to-serial converters are EVIL
2015-03-13T04:16:29.859560	USB-to-serial converters are EVIL
2015-03-13T04:16:29.982378	USB-to-serial converters are EVIL
2015-03-13T04:16:42.260716	USB-to-serial converters are EVIL
2015-03-13T04:17:12.741645	USB-to-serial converters are EVIL
2015-03-13T04:18:05.518806	USB-to-serial converters are EVIL
2015-03-13T04:18:58.289624	USB-to-serial converters are EVIL
2015-03-13T04:19:22.142494	USB-to-serial converters are EVIL
2015-03-13T04:19:58.415900	USB-to-serial converters are EVIL
2015-03-13T04:23:11.894671	USB-to-serial converters are EVIL
2015-03-13T04:23:50.164924	USB-to-serial converters are EVIL
2015-03-13T04:26:42.473228	USB-to-serial converters are EVIL
2015-03-13T04:27:01.201799	USB-to-serial converters are EVIL
2015-03-13T04:27:20.859958	USB-to-serial converters are EVIL
2015-03-13T04:27:59.114297	USB-to-serial converters are EVIL
2015-03-13T04:28:18.198265	USB-to-serial converters are EVIL
2015-03-13T04:28:37.327972	USB-to-serial converters are EVIL
2015-03-13T04:29:31.553923	USB-to-serial converters are EVIL
2015-03-13T04:35:00.857343	USB-to-serial converters are EVIL
2015-03-13T04:35:19.048736	USB-to-serial converters are EVIL
2015-03-13T04:35:58.301774	USB-to-serial converters are EVIL
2015-03-13T04:38:34.833981	USB-to-serial converters are EVIL
2015-03-13T04:39:04.918965	USB-to-serial converters are EVIL
2015-03-13T04:39:09.574784	USB-to-serial converters are EVIL
2015-03-13T04:39:28.851090	USB-to-serial converters are EVIL
2015-03-13T04:39:48.026028	USB-to-serial converters are EVIL
2015-03-13T04:43:21.379370	USB-to-serial converters are EVIL
2015-03-13T04:43:37.492019	USB-to-serial converters are EVIL
2015-03-13T04:44:06.887226	USB-to-serial converters are EVIL
2015-03-13T04:44:06.938525	USB-to-serial converters are EVIL
2015-03-13T04:44:34.859631	USB-to-serial converters are EVIL
2015-03-13T04:44:36.980965	USB-to-serial converters are EVIL
2015-03-13T04:44:53.984271	USB-to-serial converters are EVIL
2015-03-13T04:45:07.045525	USB-to-serial converters are EVIL
2015-03-13T04:45:13.174357	USB-to-serial converters are EVIL
2015-03-13T04:46:10.529719	USB-to-serial converters are EVIL
2015-03-13T04:46:48.848572	USB-to-serial converters are EVIL
2015-03-13T04:47:23.071146	USB-to-serial converters are EVIL
2015-03-13T04:47:27.053197	USB-to-serial converters are EVIL
2015-03-13T04:47:27.077770	USB-to-serial converters are EVIL
2015-03-13T04:54:30.165991	USB-to-serial converters are EVIL
2015-03-13T04:55:08.551424	USB-to-serial converters are EVIL
2015-03-13T04:55:24.893509	USB-to-serial converters are EVIL
2015-03-13T04:55:27.560400	USB-to-serial converters are EVIL
2015-03-13T04:55:39.979408	USB-to-serial converters are EVIL
2015-03-13T04:56:25.042021	USB-to-serial converters are EVIL
2015-03-13T04:56:44.245114	USB-to-serial converters are EVIL
2015-03-13T04:57:10.558685	USB-to-serial converters are EVIL
2015-03-13T04:57:22.441751	USB-to-serial converters are EVIL
2015-03-13T04:57:22.534326	USB-to-serial converters are EVIL
2015-03-13T04:57:55.993919	USB-to-serial converters are EVIL
2015-03-13T04:58:19.938465	USB-to-serial converters are EVIL
2015-03-13T04:58:41.123584	USB-to-serial converters are EVIL
2015-03-13T04:58:58.295377	USB-to-serial converters are EVIL
2015-03-13T04:59:11.547932	USB-to-serial converters are EVIL
2015-03-13T04:59:17.555430	USB-to-serial converters are EVIL
2015-03-13T04:59:55.820188	USB-to-serial converters are EVIL
2015-03-13T05:06:19.886858	USB-to-serial converters are EVIL
2015-03-13T05:06:39.133413	USB-to-serial converters are EVIL
2015-03-13T05:07:14.611828	USB-to-serial converters are EVIL
2015-03-13T05:07:14.627388	USB-to-serial converters are EVIL
2015-03-13T05:07:17.280860	USB-to-serial converters are EVIL
2015-03-13T05:07:55.600145	USB-to-serial converters are EVIL
2015-03-13T05:08:33.799820	USB-to-serial converters are EVIL
2015-03-13T05:09:30.622155	USB-to-serial converters are EVIL
2015-03-13T05:09:31.227449	USB-to-serial converters are EVIL
2015-03-13T05:10:00.695335	USB-to-serial converters are EVIL
2015-03-13T05:15:54.715416	USB-to-serial converters are EVIL
2015-03-13T05:16:18.252460	USB-to-serial converters are EVIL
2015-03-13T05:16:48.312542	USB-to-serial converters are EVIL
2015-03-13T05:16:52.106839	USB-to-serial converters are EVIL
2015-03-13T05:18:08.552645	USB-to-serial converters are EVIL
2015-03-13T05:18:27.674420	USB-to-serial converters are EVIL
2015-03-13T05:18:33.890647	USB-to-serial converters are EVIL
2015-03-13T05:19:06.002997	USB-to-serial converters are EVIL
2015-03-13T05:23:20.104067	USB-to-serial converters are EVIL
2015-03-13T05:23:35.171722	USB-to-serial converters are EVIL
2015-03-13T05:23:54.331943	USB-to-serial converters are EVIL
2015-03-13T05:26:46.574160	USB-to-serial converters are EVIL
2015-03-13T05:26:50.495773	USB-to-serial converters are EVIL
2015-03-13T05:27:20.490955	USB-to-serial converters are EVIL
2015-03-13T05:27:35.511594	USB-to-serial converters are EVIL
2015-03-13T05:27:43.922424	USB-to-serial converters are EVIL
2015-03-13T05:28:20.649542	USB-to-serial converters are EVIL
2015-03-13T05:28:35.613960	USB-to-serial converters are EVIL
2015-03-13T05:28:50.634225	USB-to-serial converters are EVIL
2015-03-13T05:33:36.379659	USB-to-serial converters are EVIL
2015-03-13T05:34:21.473692	USB-to-serial converters are EVIL
2015-03-13T05:35:06.539543	USB-to-serial converters are EVIL
2015-03-13T05:35:51.663009	USB-to-serial converters are EVIL
2015-03-13T05:36:04.148470	USB-to-serial converters are EVIL
2015-03-13T05:38:36.977721	USB-to-serial converters are EVIL
2015-03-13T05:38:37.034087	USB-to-serial converters are EVIL
2015-03-13T05:38:51.926990	USB-to-serial converters are EVIL
2015-03-13T05:39:15.236198	USB-to-serial converters are EVIL
2015-03-13T05:39:34.367893	USB-to-serial converters are EVIL
2015-03-13T05:43:43.209471	USB-to-serial converters are EVIL
2015-03-13T05:43:53.522649	USB-to-serial converters are EVIL
2015-03-13T05:43:53.530097	USB-to-serial converters are EVIL
2015-03-13T05:43:53.565708	USB-to-serial converters are EVIL
2015-03-13T05:44:02.420528	USB-to-serial converters are EVIL
2015-03-13T05:44:08.592952	USB-to-serial converters are EVIL
2015-03-13T05:44:23.639758	USB-to-serial converters are EVIL
